Using pre-set license
Built from '6000.0/staging' branch; Version is '6000.0.28f1 (f336aca0cab5) revision 15939244'; Using compiler version '193933523'; Build Type 'Release'
OS: 'Windows 10  (10.0.19045) 64bit Enterprise' Language: 'ru' Physical Memory: 32532 MB
BatchMode: 1, IsHumanControllingUs: 0, StartBugReporterOnCrash: 0, Is64bit: 1, IsPro: 1

COMMAND LINE ARGUMENTS:
C:\Program Files\Unity\Hub\Editor\6000.0.28f1\Editor\Unity.exe
-adb2
-batchMode
-noUpm
-name
AssetImportWorker0
-projectPath
I:/Unity3d_WorkWithMesh/!Unity3d_Булевые операции крайние версии алгоритма_200523/Unity3d_Булевые операции с 3д объектом_Обновление алгоритма
-logFile
Logs/AssetImportWorker0.log
-srvPort
55073
-job-worker-count
11
-background-job-worker-count
8
-asset-garbage-collectors
1
Successfully changed project path to: I:/Unity3d_WorkWithMesh/!Unity3d_Булевые операции крайние версии алгоритма_200523/Unity3d_Булевые операции с 3д объектом_Обновление алгоритма
I:/Unity3d_WorkWithMesh/!Unity3d_Булевые операции крайние версии алгоритма_200523/Unity3d_Булевые операции с 3д объектом_Обновление алгоритма
[UnityMemory] Configuration Parameters - Can be set up in boot.config
    "memorysetup-bucket-allocator-granularity=16"
    "memorysetup-bucket-allocator-bucket-count=8"
    "memorysetup-bucket-allocator-block-size=33554432"
    "memorysetup-bucket-allocator-block-count=8"
    "memorysetup-main-allocator-block-size=16777216"
    "memorysetup-thread-allocator-block-size=16777216"
    "memorysetup-gfx-main-allocator-block-size=16777216"
    "memorysetup-gfx-thread-allocator-block-size=16777216"
    "memorysetup-cache-allocator-block-size=4194304"
    "memorysetup-typetree-allocator-block-size=2097152"
    "memorysetup-profiler-bucket-allocator-granularity=16"
    "memorysetup-profiler-bucket-allocator-bucket-count=8"
    "memorysetup-profiler-bucket-allocator-block-size=33554432"
    "memorysetup-profiler-bucket-allocator-block-count=8"
    "memorysetup-profiler-allocator-block-size=16777216"
    "memorysetup-profiler-editor-allocator-block-size=1048576"
    "memorysetup-temp-allocator-size-main=16777216"
    "memorysetup-job-temp-allocator-block-size=2097152"
    "memorysetup-job-temp-allocator-block-size-background=1048576"
    "memorysetup-job-temp-allocator-reduction-small-platforms=262144"
    "memorysetup-allocator-temp-initial-block-size-main=262144"
    "memorysetup-allocator-temp-initial-block-size-worker=262144"
    "memorysetup-temp-allocator-size-background-worker=32768"
    "memorysetup-temp-allocator-size-job-worker=262144"
    "memorysetup-temp-allocator-size-preload-manager=33554432"
    "memorysetup-temp-allocator-size-nav-mesh-worker=65536"
    "memorysetup-temp-allocator-size-audio-worker=65536"
    "memorysetup-temp-allocator-size-cloud-worker=32768"
    "memorysetup-temp-allocator-size-gi-baking-worker=262144"
    "memorysetup-temp-allocator-size-gi-baking-worker=262144"
    "memorysetup-temp-allocator-size-gi-baking-worker=262144"
    "memorysetup-temp-allocator-size-gi-baking-worker=262144"
    "memorysetup-temp-allocator-size-gi-baking-worker=262144"
    "memorysetup-temp-allocator-size-gfx=262144"
Player connection [32784]  Target information:

Player connection [32784]  * "[IP] 192.168.1.10 [Port] 0 [Flags] 2 [Guid] 1775254583 [EditorId] 1775254583 [Version] 1048832 [Id] WindowsEditor(7,WIN-BK03VLGS5AP) [Debug] 1 [PackageName] WindowsEditor [ProjectName] Editor" 

Player connection [32784]  * "[IP] 192.168.186.1 [Port] 0 [Flags] 2 [Guid] 1775254583 [EditorId] 1775254583 [Version] 1048832 [Id] WindowsEditor(7,WIN-BK03VLGS5AP) [Debug] 1 [PackageName] WindowsEditor [ProjectName] Editor" 

Player connection [32784]  * "[IP] 192.168.133.1 [Port] 0 [Flags] 2 [Guid] 1775254583 [EditorId] 1775254583 [Version] 1048832 [Id] WindowsEditor(7,WIN-BK03VLGS5AP) [Debug] 1 [PackageName] WindowsEditor [ProjectName] Editor" 

Player connection [32784] Host joined multi-casting on [225.0.0.222:54997]...
Player connection [32784] Host joined alternative multi-casting on [225.0.0.222:34997]...
JobSystem: Creating JobQueue using job-worker-count value 11
[Physics::Module] Initialized fallback backend.
[Physics::Module] Id: 0xdecafbad
Library Redirect Path: Library/
[Physics::Module] Selected backend.
[Physics::Module] Name: PhysX
[Physics::Module] Id: 0xf2b8ea05
[Physics::Module] SDK Version: 4.1.2
[Physics::Module] Integration Version: 1.0.0
[Physics::Module] Threading Mode: Multi-Threaded
Refreshing native plugins compatible for Editor in 0.00 ms, found 0 plugins.
Preloading 0 native plugins for Editor in 0.00 ms.
Initialize engine version: 6000.0.28f1 (f336aca0cab5)
[Subsystems] Discovering subsystems at path C:/Program Files/Unity/Hub/Editor/6000.0.28f1/Editor/Data/Resources/UnitySubsystems
[Subsystems] Discovering subsystems at path I:/Unity3d_WorkWithMesh/!Unity3d_Булевые операции крайние версии алгоритма_200523/Unity3d_Булевые операции с 3д объектом_Обновление алгоритма/Assets
GfxDevice: creating device client; kGfxThreadingModeNonThreaded
Direct3D:
    Version:  Direct3D 11.0 [level 11.1]
    Renderer: NVIDIA GeForce GTX 1070 (ID=0x1b81)
    Vendor:   NVIDIA
    VRAM:     8067 MB
    Driver:   32.0.15.6094
Initialize mono
Mono path[0] = 'C:/Program Files/Unity/Hub/Editor/6000.0.28f1/Editor/Data/Managed'
Mono path[1] = 'C:/Program Files/Unity/Hub/Editor/6000.0.28f1/Editor/Data/MonoBleedingEdge/lib/mono/unityjit-win32'
Mono config path = 'C:/Program Files/Unity/Hub/Editor/6000.0.28f1/Editor/Data/MonoBleedingEdge/etc'
Using monoOptions --debugger-agent=transport=dt_socket,embedding=1,server=y,suspend=n,address=127.0.0.1:56940
Begin MonoManager ReloadAssembly
Registering precompiled unity dll's ...
Register platform support module: C:/Program Files/Unity/Hub/Editor/6000.0.28f1/Editor/Data/PlaybackEngines/WindowsStandaloneSupport/UnityEditor.WindowsStandalone.Extensions.dll
Register platform support module: C:/Program Files/Unity/Hub/Editor/6000.0.28f1/Editor/Data/PlaybackEngines/AndroidPlayer/UnityEditor.Android.Extensions.dll
Registered in 0.007702 seconds.
- Loaded All Assemblies, in  0.752 seconds
Native extension for Android target not found
Android Extension - Scanning For ADB Devices 525 ms
Native extension for WindowsStandalone target not found
Mono: successfully reloaded assembly
- Finished resetting the current domain, in  1.178 seconds
Domain Reload Profiling: 1925ms
	BeginReloadAssembly (261ms)
		ExecutionOrderSort (0ms)
		DisableScriptedObjects (0ms)
		BackupInstance (0ms)
		ReleaseScriptingObjects (0ms)
		CreateAndSetChildDomain (2ms)
	RebuildCommonClasses (71ms)
	RebuildNativeTypeToScriptingClass (25ms)
	initialDomainReloadingComplete (100ms)
	LoadAllAssembliesAndSetupDomain (290ms)
		LoadAssemblies (256ms)
		RebuildTransferFunctionScriptingTraits (0ms)
		AnalyzeDomain (283ms)
			TypeCache.Refresh (281ms)
				TypeCache.ScanAssembly (259ms)
			BuildScriptInfoCaches (0ms)
			ResolveRequiredComponents (1ms)
	FinalizeReload (1178ms)
		ReleaseScriptCaches (0ms)
		RebuildScriptCaches (0ms)
		SetupLoadedEditorAssemblies (1130ms)
			LogAssemblyErrors (0ms)
			InitializePlatformSupportModulesInManaged (698ms)
			SetLoadedEditorAssemblies (8ms)
			BeforeProcessingInitializeOnLoad (13ms)
			ProcessInitializeOnLoadAttributes (237ms)
			ProcessInitializeOnLoadMethodAttributes (119ms)
			AfterProcessingInitializeOnLoad (54ms)
			EditorAssembliesLoaded (0ms)
		ExecutionOrderSort2 (0ms)
		AwakeInstancesAfterBackupRestoration (0ms)
========================================================================
Worker process is ready to serve import requests
Import Worker Mode flag is 0x00
Begin MonoManager ReloadAssembly
- Loaded All Assemblies, in  0.927 seconds
Refreshing native plugins compatible for Editor in 0.00 ms, found 0 plugins.
Native extension for Android target not found
Native extension for WindowsStandalone target not found
Mono: successfully reloaded assembly
- Finished resetting the current domain, in  0.862 seconds
Domain Reload Profiling: 1785ms
	BeginReloadAssembly (749ms)
		ExecutionOrderSort (0ms)
		DisableScriptedObjects (12ms)
		BackupInstance (0ms)
		ReleaseScriptingObjects (0ms)
		CreateAndSetChildDomain (51ms)
	RebuildCommonClasses (65ms)
	RebuildNativeTypeToScriptingClass (25ms)
	initialDomainReloadingComplete (38ms)
	LoadAllAssembliesAndSetupDomain (45ms)
		LoadAssemblies (210ms)
		RebuildTransferFunctionScriptingTraits (0ms)
		AnalyzeDomain (36ms)
			TypeCache.Refresh (29ms)
				TypeCache.ScanAssembly (18ms)
			BuildScriptInfoCaches (4ms)
			ResolveRequiredComponents (1ms)
	FinalizeReload (863ms)
		ReleaseScriptCaches (0ms)
		RebuildScriptCaches (0ms)
		SetupLoadedEditorAssemblies (477ms)
			LogAssemblyErrors (0ms)
			InitializePlatformSupportModulesInManaged (25ms)
			SetLoadedEditorAssemblies (8ms)
			BeforeProcessingInitializeOnLoad (38ms)
			ProcessInitializeOnLoadAttributes (186ms)
			ProcessInitializeOnLoadMethodAttributes (66ms)
			AfterProcessingInitializeOnLoad (153ms)
			EditorAssembliesLoaded (0ms)
		ExecutionOrderSort2 (0ms)
		AwakeInstancesAfterBackupRestoration (12ms)
Launched and connected shader compiler UnityShaderCompiler.exe after 0.02 seconds
Refreshing native plugins compatible for Editor in 0.00 ms, found 0 plugins.
Preloading 0 native plugins for Editor in 0.00 ms.
Unloading 15 Unused Serialized files (Serialized files now loaded: 0)
Unloading 80 unused Assets / (0.7 MB). Loaded Objects now: 683.
Memory consumption went from 84.5 MB to 83.9 MB.
Total: 6.563900 ms (FindLiveObjects: 0.039100 ms CreateObjectMapping: 0.009700 ms MarkObjects: 6.213600 ms  DeleteObjects: 0.300700 ms)

========================================================================
Received Import Request.
  Time since last request: 179615.266748 seconds.
  path: Assets/123.unity
  artifactKey: Guid(1f75966a8af8831439b69a4233b3f600) Importer(2089858483,192608db42251d675da83286b1cce702)
Start importing Assets/123.unity using Guid(1f75966a8af8831439b69a4233b3f600) Importer(2089858483,192608db42251d675da83286b1cce702) (ScriptedImporter) -> (artifact id: 'ab70cca59f752eaac63097e6c17781fd') in 0.1475303 seconds
Number of updated asset objects reloaded before import = 0Number of asset objects unloaded after import = 1

========================================================================
Received Import Request.
  Time since last request: 0.000016 seconds.
  path: Assets/123_42(AttachedCilinders)Settings.lighting
  artifactKey: Guid(358812ffb0048c84284ea21780388235) Importer(2089858483,192608db42251d675da83286b1cce702)
Start importing Assets/123_42(AttachedCilinders)Settings.lighting using Guid(358812ffb0048c84284ea21780388235) Importer(2089858483,192608db42251d675da83286b1cce702) (ScriptedImporter) -> (artifact id: '579ccf8e739db6c5ec26f2098457d9de') in 0.0749008 seconds
Number of updated asset objects reloaded before import = 0Number of asset objects unloaded after import = 1

========================================================================
Received Import Request.
  Time since last request: 0.000029 seconds.
  path: Assets/123_34(FaceBags)Settings.lighting
  artifactKey: Guid(f7bc16b33b957b041ab297ed46bd1e6d) Importer(2089858483,192608db42251d675da83286b1cce702)
Start importing Assets/123_34(FaceBags)Settings.lighting using Guid(f7bc16b33b957b041ab297ed46bd1e6d) Importer(2089858483,192608db42251d675da83286b1cce702) (ScriptedImporter) -> (artifact id: 'd63e8c467f9660537b61b885c16512f2') in 0.0158187 seconds
Number of updated asset objects reloaded before import = 0Number of asset objects unloaded after import = 1

========================================================================
Received Import Request.
  Time since last request: 0.000021 seconds.
  path: Assets/123_23(simple_Hole)Settings.lighting
  artifactKey: Guid(8390512b6802a46478253c6b41527930) Importer(2089858483,192608db42251d675da83286b1cce702)
Start importing Assets/123_23(simple_Hole)Settings.lighting using Guid(8390512b6802a46478253c6b41527930) Importer(2089858483,192608db42251d675da83286b1cce702) (ScriptedImporter) -> (artifact id: '611c517265ec7b96196589f7a0bae889') in 0.015251 seconds
Number of updated asset objects reloaded before import = 0Number of asset objects unloaded after import = 1

========================================================================
Received Import Request.
  Time since last request: 0.000021 seconds.
  path: Assets/123_38(PlaneFaces4)Settings.lighting
  artifactKey: Guid(5ca59ae971fd7704ca514feac07517ca) Importer(2089858483,192608db42251d675da83286b1cce702)
Start importing Assets/123_38(PlaneFaces4)Settings.lighting using Guid(5ca59ae971fd7704ca514feac07517ca) Importer(2089858483,192608db42251d675da83286b1cce702) (ScriptedImporter) -> (artifact id: '077f53167b28b8475c6eba0ce6f62e39') in 0.0178343 seconds
Number of updated asset objects reloaded before import = 0Number of asset objects unloaded after import = 1

========================================================================
Received Import Request.
  Time since last request: 0.003155 seconds.
  path: Assets/123_52(Plane_Bugs).unity
  artifactKey: Guid(868199e3a6e10964794f419a070b3b67) Importer(2089858483,192608db42251d675da83286b1cce702)
Start importing Assets/123_52(Plane_Bugs).unity using Guid(868199e3a6e10964794f419a070b3b67) Importer(2089858483,192608db42251d675da83286b1cce702) (ScriptedImporter) -> (artifact id: '475a40b1d4b56d56d7788e3d3b939d32') in 0.0101661 seconds
Number of updated asset objects reloaded before import = 0Number of asset objects unloaded after import = 1

========================================================================
Received Import Request.
  Time since last request: 0.000018 seconds.
  path: Assets/123_13(MultyPlane).unity
  artifactKey: Guid(a2b3e6bab0d482943ad933b64667ec1e) Importer(2089858483,192608db42251d675da83286b1cce702)
Start importing Assets/123_13(MultyPlane).unity using Guid(a2b3e6bab0d482943ad933b64667ec1e) Importer(2089858483,192608db42251d675da83286b1cce702) (ScriptedImporter) -> (artifact id: '4c00dfd3cc38d75b1eaceee6ce81fac3') in 0.0076293 seconds
Number of updated asset objects reloaded before import = 0Number of asset objects unloaded after import = 1

========================================================================
Received Import Request.
  Time since last request: 0.000023 seconds.
  path: Assets/123_11(StrongSphere)Settings.lighting
  artifactKey: Guid(891ea47a713597d49a2726a9e251184a) Importer(2089858483,192608db42251d675da83286b1cce702)
Start importing Assets/123_11(StrongSphere)Settings.lighting using Guid(891ea47a713597d49a2726a9e251184a) Importer(2089858483,192608db42251d675da83286b1cce702) (ScriptedImporter) -> (artifact id: 'f6e32cae3249fda80c6b0925ae88da30') in 0.0230217 seconds
Number of updated asset objects reloaded before import = 0Number of asset objects unloaded after import = 1

========================================================================
Received Import Request.
  Time since last request: 0.000019 seconds.
  path: Assets/123_51(Plane_Bugs)Settings.lighting
  artifactKey: Guid(fef013332e3beb440bc28ca6cb2ae906) Importer(2089858483,192608db42251d675da83286b1cce702)
Start importing Assets/123_51(Plane_Bugs)Settings.lighting using Guid(fef013332e3beb440bc28ca6cb2ae906) Importer(2089858483,192608db42251d675da83286b1cce702) (ScriptedImporter) -> (artifact id: 'a57c3ce16743213eda2ff5cf70cf72e9') in 0.0144334 seconds
Number of updated asset objects reloaded before import = 0Number of asset objects unloaded after import = 1

========================================================================
Received Import Request.
  Time since last request: 0.000019 seconds.
  path: Assets/123_53(Left_In_Holes)Settings.lighting
  artifactKey: Guid(8d229d4a7c4e432418ece145e3422cdc) Importer(2089858483,192608db42251d675da83286b1cce702)
Start importing Assets/123_53(Left_In_Holes)Settings.lighting using Guid(8d229d4a7c4e432418ece145e3422cdc) Importer(2089858483,192608db42251d675da83286b1cce702) (ScriptedImporter) -> (artifact id: 'c716be67af6ae8cd37ca602587149cae') in 0.015676 seconds
Number of updated asset objects reloaded before import = 0Number of asset objects unloaded after import = 1

========================================================================
Received Import Request.
  Time since last request: 0.000018 seconds.
  path: Assets/123_4Settings.lighting
  artifactKey: Guid(d9216960598665145b3751ee0f80a919) Importer(2089858483,192608db42251d675da83286b1cce702)
Start importing Assets/123_4Settings.lighting using Guid(d9216960598665145b3751ee0f80a919) Importer(2089858483,192608db42251d675da83286b1cce702) (ScriptedImporter) -> (artifact id: 'c3e685fd7da03468f7ebb2b0aee4c324') in 0.0150485 seconds
Number of updated asset objects reloaded before import = 0Number of asset objects unloaded after import = 1

========================================================================
Received Import Request.
  Time since last request: 0.000019 seconds.
  path: Assets/123_37(PlaneFaces3)Settings.lighting
  artifactKey: Guid(99257d091e88ff64b9901f5f11c0976d) Importer(2089858483,192608db42251d675da83286b1cce702)
Start importing Assets/123_37(PlaneFaces3)Settings.lighting using Guid(99257d091e88ff64b9901f5f11c0976d) Importer(2089858483,192608db42251d675da83286b1cce702) (ScriptedImporter) -> (artifact id: 'a27ed20c70c7909b82d1d7d431fc33dd') in 0.0151187 seconds
Number of updated asset objects reloaded before import = 0Number of asset objects unloaded after import = 1

========================================================================
Received Import Request.
  Time since last request: 0.000210 seconds.
  path: Assets/123_49(Piramid_Bugs).unity
  artifactKey: Guid(3a0e05d110d37584c8043232dc72705e) Importer(2089858483,192608db42251d675da83286b1cce702)
Start importing Assets/123_49(Piramid_Bugs).unity using Guid(3a0e05d110d37584c8043232dc72705e) Importer(2089858483,192608db42251d675da83286b1cce702) (ScriptedImporter) -> (artifact id: 'f27fce27c716e203cbc9e50710cf7ede') in 0.0090419 seconds
Number of updated asset objects reloaded before import = 0Number of asset objects unloaded after import = 1

========================================================================
Received Import Request.
  Time since last request: 0.000182 seconds.
  path: Assets/123_44(DualHole).unity
  artifactKey: Guid(b069e4aa9aa2db6429f6b9634469ad03) Importer(2089858483,192608db42251d675da83286b1cce702)
Start importing Assets/123_44(DualHole).unity using Guid(b069e4aa9aa2db6429f6b9634469ad03) Importer(2089858483,192608db42251d675da83286b1cce702) (ScriptedImporter) -> (artifact id: '3e611f3e2a03e73d26d0d1446322b968') in 0.0084802 seconds
Number of updated asset objects reloaded before import = 0Number of asset objects unloaded after import = 1

========================================================================
Received Import Request.
  Time since last request: 0.000214 seconds.
  path: Assets/123_31(TrianglHoleError)Settings.lighting
  artifactKey: Guid(b8266ce39117d604999beef09d2055c0) Importer(2089858483,192608db42251d675da83286b1cce702)
Start importing Assets/123_31(TrianglHoleError)Settings.lighting using Guid(b8266ce39117d604999beef09d2055c0) Importer(2089858483,192608db42251d675da83286b1cce702) (ScriptedImporter) -> (artifact id: '7e310387e6ce0cda7923db26effb1bbe') in 0.0173355 seconds
Number of updated asset objects reloaded before import = 0Number of asset objects unloaded after import = 1

========================================================================
Received Import Request.
  Time since last request: 0.000018 seconds.
  path: Assets/123_27(simple_Triangulation_Bordered).unity
  artifactKey: Guid(27fac16229db0354fab70b49f909c56d) Importer(2089858483,192608db42251d675da83286b1cce702)
Start importing Assets/123_27(simple_Triangulation_Bordered).unity using Guid(27fac16229db0354fab70b49f909c56d) Importer(2089858483,192608db42251d675da83286b1cce702) (ScriptedImporter) -> (artifact id: 'ff6cc841860228c846d809c21003a8dd') in 0.0068469 seconds
Number of updated asset objects reloaded before import = 0Number of asset objects unloaded after import = 1

========================================================================
Received Import Request.
  Time since last request: 0.000022 seconds.
  path: Assets/123_32(BadOptimization)Settings.lighting
  artifactKey: Guid(b8a8a85c3742c234d88f4d1aba3320bc) Importer(2089858483,192608db42251d675da83286b1cce702)
Start importing Assets/123_32(BadOptimization)Settings.lighting using Guid(b8a8a85c3742c234d88f4d1aba3320bc) Importer(2089858483,192608db42251d675da83286b1cce702) (ScriptedImporter) -> (artifact id: '7f285e865b0f8a54205b60e02d3fc9e0') in 0.0175527 seconds
Number of updated asset objects reloaded before import = 0Number of asset objects unloaded after import = 1

========================================================================
Received Import Request.
  Time since last request: 0.000029 seconds.
  path: Assets/123_46(Plane_Bug).unity
  artifactKey: Guid(6eab8fa5150e139449f049d17c1a9656) Importer(2089858483,192608db42251d675da83286b1cce702)
Start importing Assets/123_46(Plane_Bug).unity using Guid(6eab8fa5150e139449f049d17c1a9656) Importer(2089858483,192608db42251d675da83286b1cce702) (ScriptedImporter) -> (artifact id: 'cc5de1115c7d1dccdddbea907e95fbb6') in 0.0073797 seconds
Number of updated asset objects reloaded before import = 0Number of asset objects unloaded after import = 1

========================================================================
Received Import Request.
  Time since last request: 0.000030 seconds.
  path: Assets/123_33(House)Settings.lighting
  artifactKey: Guid(f162e1a7437f86843b87cb6b62923a6b) Importer(2089858483,192608db42251d675da83286b1cce702)
Start importing Assets/123_33(House)Settings.lighting using Guid(f162e1a7437f86843b87cb6b62923a6b) Importer(2089858483,192608db42251d675da83286b1cce702) (ScriptedImporter) -> (artifact id: '9348cf7e6b5146b321ec5dfe24f1776e') in 0.0188954 seconds
Number of updated asset objects reloaded before import = 0Number of asset objects unloaded after import = 1

========================================================================
Received Import Request.
  Time since last request: 0.000186 seconds.
  path: Assets/123_13(MultyPlane)Settings.lighting
  artifactKey: Guid(78c59fb02140b294fba615da2e357972) Importer(2089858483,192608db42251d675da83286b1cce702)
Start importing Assets/123_13(MultyPlane)Settings.lighting using Guid(78c59fb02140b294fba615da2e357972) Importer(2089858483,192608db42251d675da83286b1cce702) (ScriptedImporter) -> (artifact id: '77087b30735162715e00ab93ef8fe29c') in 0.0177926 seconds
Number of updated asset objects reloaded before import = 0Number of asset objects unloaded after import = 1

========================================================================
Received Import Request.
  Time since last request: 0.000033 seconds.
  path: Assets/123_18(concentricCilinders)Settings.lighting
  artifactKey: Guid(7f19b6e53db4e614d9e64f43b10f680e) Importer(2089858483,192608db42251d675da83286b1cce702)
Start importing Assets/123_18(concentricCilinders)Settings.lighting using Guid(7f19b6e53db4e614d9e64f43b10f680e) Importer(2089858483,192608db42251d675da83286b1cce702) (ScriptedImporter) -> (artifact id: 'a237572222d359faefc62e5780fc3fa4') in 0.0178462 seconds
Number of updated asset objects reloaded before import = 0Number of asset objects unloaded after import = 1

========================================================================
Received Import Request.
  Time since last request: 0.000017 seconds.
  path: Assets/123_30(Borders conditions).unity
  artifactKey: Guid(e89b31289a680b241b6d69fa38ae771b) Importer(2089858483,192608db42251d675da83286b1cce702)
Start importing Assets/123_30(Borders conditions).unity using Guid(e89b31289a680b241b6d69fa38ae771b) Importer(2089858483,192608db42251d675da83286b1cce702) (ScriptedImporter) -> (artifact id: '7089c945145612a10c3bffc8b2b75739') in 0.0073387 seconds
Number of updated asset objects reloaded before import = 0Number of asset objects unloaded after import = 1

========================================================================
Received Import Request.
  Time since last request: 0.000035 seconds.
  path: Assets/123_19(concentricCilinders).unity
  artifactKey: Guid(924faabe980c6994fa564c59f9254c39) Importer(2089858483,192608db42251d675da83286b1cce702)
Start importing Assets/123_19(concentricCilinders).unity using Guid(924faabe980c6994fa564c59f9254c39) Importer(2089858483,192608db42251d675da83286b1cce702) (ScriptedImporter) -> (artifact id: '488d6053ecc8408d2e86f3a19bcc5e67') in 0.0069645 seconds
Number of updated asset objects reloaded before import = 0Number of asset objects unloaded after import = 1

========================================================================
Received Import Request.
  Time since last request: 0.000016 seconds.
  path: Assets/123_20(BorderToBorder)_inverse.unity
  artifactKey: Guid(8bd8b2b914248c74096564deeff7ca2d) Importer(2089858483,192608db42251d675da83286b1cce702)
Start importing Assets/123_20(BorderToBorder)_inverse.unity using Guid(8bd8b2b914248c74096564deeff7ca2d) Importer(2089858483,192608db42251d675da83286b1cce702) (ScriptedImporter) -> (artifact id: '13c709ecc64ca3308ae464e0608859c1') in 0.0067372 seconds
Number of updated asset objects reloaded before import = 0Number of asset objects unloaded after import = 1

========================================================================
Received Import Request.
  Time since last request: 0.000603 seconds.
  path: Assets/123_25(simple_Hole_Bags).unity
  artifactKey: Guid(eb7f33c70a256ad48b9843f01fc2ec44) Importer(2089858483,192608db42251d675da83286b1cce702)
Start importing Assets/123_25(simple_Hole_Bags).unity using Guid(eb7f33c70a256ad48b9843f01fc2ec44) Importer(2089858483,192608db42251d675da83286b1cce702) (ScriptedImporter) -> (artifact id: '499be6015e94c255b68c71bc71a76505') in 0.0074957 seconds
Number of updated asset objects reloaded before import = 0Number of asset objects unloaded after import = 1

========================================================================
Received Import Request.
  Time since last request: 0.000016 seconds.
  path: Assets/123_42(AttachedCilinders).unity
  artifactKey: Guid(cc58bba3894bf4a4a99b53653215b3b6) Importer(2089858483,192608db42251d675da83286b1cce702)
Start importing Assets/123_42(AttachedCilinders).unity using Guid(cc58bba3894bf4a4a99b53653215b3b6) Importer(2089858483,192608db42251d675da83286b1cce702) (ScriptedImporter) -> (artifact id: 'd0115ce3a92fad290b9f9258b338df20') in 0.0072565 seconds
Number of updated asset objects reloaded before import = 0Number of asset objects unloaded after import = 1

========================================================================
Received Import Request.
  Time since last request: 0.000016 seconds.
  path: Assets/123_39(PlaneFaces5).unity
  artifactKey: Guid(f4799fa9a64bc194c944b2935851d26e) Importer(2089858483,192608db42251d675da83286b1cce702)
Start importing Assets/123_39(PlaneFaces5).unity using Guid(f4799fa9a64bc194c944b2935851d26e) Importer(2089858483,192608db42251d675da83286b1cce702) (ScriptedImporter) -> (artifact id: 'd737ddfe191a13e0e2acb94a1ee7e310') in 0.0091732 seconds
Number of updated asset objects reloaded before import = 0Number of asset objects unloaded after import = 1

========================================================================
Received Import Request.
  Time since last request: 0.000019 seconds.
  path: Assets/123_50(Plane_Bugs)Settings.lighting
  artifactKey: Guid(34119df184d07b9478bc1bd8c5d413c4) Importer(2089858483,192608db42251d675da83286b1cce702)
Start importing Assets/123_50(Plane_Bugs)Settings.lighting using Guid(34119df184d07b9478bc1bd8c5d413c4) Importer(2089858483,192608db42251d675da83286b1cce702) (ScriptedImporter) -> (artifact id: 'aeaa60c08d3ab2402849b0855135102b') in 0.0191626 seconds
Number of updated asset objects reloaded before import = 0Number of asset objects unloaded after import = 1

========================================================================
Received Import Request.
  Time since last request: 0.000082 seconds.
  path: Assets/123_58(PlaneBugs_Borders).unity
  artifactKey: Guid(60c28d529b8fb5f4fb3aeadecfdb9011) Importer(2089858483,192608db42251d675da83286b1cce702)
Start importing Assets/123_58(PlaneBugs_Borders).unity using Guid(60c28d529b8fb5f4fb3aeadecfdb9011) Importer(2089858483,192608db42251d675da83286b1cce702) (ScriptedImporter) -> (artifact id: '658c305b972bd58a9ddc718d3e0ad9d4') in 0.0076703 seconds
Number of updated asset objects reloaded before import = 0Number of asset objects unloaded after import = 1

========================================================================
Received Import Request.
  Time since last request: 0.000029 seconds.
  path: Assets/123_68(Piramid+E)Settings.lighting
  artifactKey: Guid(ad8d3df9919058e4d8924e9e304b3e75) Importer(2089858483,192608db42251d675da83286b1cce702)
Start importing Assets/123_68(Piramid+E)Settings.lighting using Guid(ad8d3df9919058e4d8924e9e304b3e75) Importer(2089858483,192608db42251d675da83286b1cce702) (ScriptedImporter) -> (artifact id: '45cedc37843975ce80c5e316edeaf3c3') in 0.0159295 seconds
Number of updated asset objects reloaded before import = 0Number of asset objects unloaded after import = 1

========================================================================
Received Import Request.
  Time since last request: 0.000018 seconds.
  path: Assets/123_66(Concentric_Boxes).unity
  artifactKey: Guid(866121136f0ee5345863c5a3d7bcf259) Importer(2089858483,192608db42251d675da83286b1cce702)
Start importing Assets/123_66(Concentric_Boxes).unity using Guid(866121136f0ee5345863c5a3d7bcf259) Importer(2089858483,192608db42251d675da83286b1cce702) (ScriptedImporter) -> (artifact id: '212c4b849dede4af07b08d6c0387fb48') in 0.0073518 seconds
Number of updated asset objects reloaded before import = 0Number of asset objects unloaded after import = 1

========================================================================
Received Import Request.
  Time since last request: 0.000851 seconds.
  path: Assets/123_8(Difficult for algoritm)Settings.lighting
  artifactKey: Guid(b4b19a07b4c506046b27e5154cb04401) Importer(2089858483,192608db42251d675da83286b1cce702)
Start importing Assets/123_8(Difficult for algoritm)Settings.lighting using Guid(b4b19a07b4c506046b27e5154cb04401) Importer(2089858483,192608db42251d675da83286b1cce702) (ScriptedImporter) -> (artifact id: '09baf336ac76c84e71d335bbc799d95e') in 0.0167686 seconds
Number of updated asset objects reloaded before import = 0Number of asset objects unloaded after import = 1

========================================================================
Received Import Request.
  Time since last request: 0.000032 seconds.
  path: Assets/123_67(Plane+ConcentricBox)Settings.lighting
  artifactKey: Guid(acdb695571bb1764cad582c86b124379) Importer(2089858483,192608db42251d675da83286b1cce702)
Start importing Assets/123_67(Plane+ConcentricBox)Settings.lighting using Guid(acdb695571bb1764cad582c86b124379) Importer(2089858483,192608db42251d675da83286b1cce702) (ScriptedImporter) -> (artifact id: 'fac29ba8d75e7c43ae2406e0e2ff649e') in 0.0155392 seconds
Number of updated asset objects reloaded before import = 0Number of asset objects unloaded after import = 1

========================================================================
Received Import Request.
  Time since last request: 0.000020 seconds.
  path: Assets/123_57(PlaneBugs_Borders)Settings.lighting
  artifactKey: Guid(bc52535462f9479488ff764ea6946444) Importer(2089858483,192608db42251d675da83286b1cce702)
Start importing Assets/123_57(PlaneBugs_Borders)Settings.lighting using Guid(bc52535462f9479488ff764ea6946444) Importer(2089858483,192608db42251d675da83286b1cce702) (ScriptedImporter) -> (artifact id: '9e4c7325b8210f17a4f049360a03ab4c') in 0.0165454 seconds
Number of updated asset objects reloaded before import = 0Number of asset objects unloaded after import = 1

========================================================================
Received Import Request.
  Time since last request: 0.000022 seconds.
  path: Assets/123_6(ErrorInTriagulate)Settings.lighting
  artifactKey: Guid(1e17687ff894be54da934948b08a2333) Importer(2089858483,192608db42251d675da83286b1cce702)
Start importing Assets/123_6(ErrorInTriagulate)Settings.lighting using Guid(1e17687ff894be54da934948b08a2333) Importer(2089858483,192608db42251d675da83286b1cce702) (ScriptedImporter) -> (artifact id: 'e2dacdd4b1847d3f63ce9bfca2619219') in 0.0162999 seconds
Number of updated asset objects reloaded before import = 0Number of asset objects unloaded after import = 1

========================================================================
Received Import Request.
  Time since last request: 0.000034 seconds.
  path: Assets/123_70(Plane+E).unity
  artifactKey: Guid(b4aed7b66c0720b44879acb508b84e38) Importer(2089858483,192608db42251d675da83286b1cce702)
Start importing Assets/123_70(Plane+E).unity using Guid(b4aed7b66c0720b44879acb508b84e38) Importer(2089858483,192608db42251d675da83286b1cce702) (ScriptedImporter) -> (artifact id: 'c9d7224124073f049e5f96a004427e1a') in 0.0076023 seconds
Number of updated asset objects reloaded before import = 0Number of asset objects unloaded after import = 1

========================================================================
Received Import Request.
  Time since last request: 0.000020 seconds.
  path: Assets/123_54(PlaneBugs_Borders)Settings.lighting
  artifactKey: Guid(b454a2f10d6fe1b4f9aa6e986d6af813) Importer(2089858483,192608db42251d675da83286b1cce702)
Start importing Assets/123_54(PlaneBugs_Borders)Settings.lighting using Guid(b454a2f10d6fe1b4f9aa6e986d6af813) Importer(2089858483,192608db42251d675da83286b1cce702) (ScriptedImporter) -> (artifact id: 'f2ebe3680e07591c8b42247b35f67e71') in 0.0258496 seconds
Number of updated asset objects reloaded before import = 0Number of asset objects unloaded after import = 1

========================================================================
Received Import Request.
  Time since last request: 0.000017 seconds.
  path: Assets/123_69(Plane+Concentric2Box).unity
  artifactKey: Guid(b5ea135a4756e9443b4ba4d4d171e0e8) Importer(2089858483,192608db42251d675da83286b1cce702)
Start importing Assets/123_69(Plane+Concentric2Box).unity using Guid(b5ea135a4756e9443b4ba4d4d171e0e8) Importer(2089858483,192608db42251d675da83286b1cce702) (ScriptedImporter) -> (artifact id: '54819df9e66b836aa79b843ac4580512') in 0.0080317 seconds
Number of updated asset objects reloaded before import = 0Number of asset objects unloaded after import = 1

========================================================================
Received Import Request.
  Time since last request: 0.000095 seconds.
  path: Assets/123_67(Plane+Box)Settings.lighting
  artifactKey: Guid(8cbd85e4e70dd5b44ba0ff5b07de3550) Importer(2089858483,192608db42251d675da83286b1cce702)
Start importing Assets/123_67(Plane+Box)Settings.lighting using Guid(8cbd85e4e70dd5b44ba0ff5b07de3550) Importer(2089858483,192608db42251d675da83286b1cce702) (ScriptedImporter) -> (artifact id: 'd51d6738b0e8f2b547acca920d07a626') in 0.0179544 seconds
Number of updated asset objects reloaded before import = 0Number of asset objects unloaded after import = 1

========================================================================
Received Import Request.
  Time since last request: 0.000020 seconds.
  path: Assets/123_73(Plane2+Box).unity
  artifactKey: Guid(fcd903f62559c4e47a83d045972f3a63) Importer(2089858483,192608db42251d675da83286b1cce702)
Start importing Assets/123_73(Plane2+Box).unity using Guid(fcd903f62559c4e47a83d045972f3a63) Importer(2089858483,192608db42251d675da83286b1cce702) (ScriptedImporter) -> (artifact id: '36879a16445a6e6ca0fcd738afddb600') in 0.0073167 seconds
Number of updated asset objects reloaded before import = 0Number of asset objects unloaded after import = 1

========================================================================
Received Import Request.
  Time since last request: 0.000031 seconds.
  path: Assets/123_9(ErrorInPnts).unity
  artifactKey: Guid(eb494574604b02a46987d65e5d1fcc0b) Importer(2089858483,192608db42251d675da83286b1cce702)
Start importing Assets/123_9(ErrorInPnts).unity using Guid(eb494574604b02a46987d65e5d1fcc0b) Importer(2089858483,192608db42251d675da83286b1cce702) (ScriptedImporter) -> (artifact id: '6e41908d132d8bc39e3a5ebe1de62572') in 0.0091634 seconds
Number of updated asset objects reloaded before import = 0Number of asset objects unloaded after import = 1

========================================================================
Received Import Request.
  Time since last request: 0.000126 seconds.
  path: Assets/123_64(InveseCutting_Error).unity
  artifactKey: Guid(2577cd2e38b2a264fbb02d19488f764d) Importer(2089858483,192608db42251d675da83286b1cce702)
Start importing Assets/123_64(InveseCutting_Error).unity using Guid(2577cd2e38b2a264fbb02d19488f764d) Importer(2089858483,192608db42251d675da83286b1cce702) (ScriptedImporter) -> (artifact id: '53054a77ad331f54a4d720537934453a') in 0.0068656 seconds
Number of updated asset objects reloaded before import = 0Number of asset objects unloaded after import = 1

========================================================================
Received Import Request.
  Time since last request: 0.000047 seconds.
  path: Assets/123_55(PlaneBugs_Borders).unity
  artifactKey: Guid(ed1176a9811e3be48a06f3d20e85e5a9) Importer(2089858483,192608db42251d675da83286b1cce702)
Start importing Assets/123_55(PlaneBugs_Borders).unity using Guid(ed1176a9811e3be48a06f3d20e85e5a9) Importer(2089858483,192608db42251d675da83286b1cce702) (ScriptedImporter) -> (artifact id: '4719ef9c34b14d2525c6fe3d28e6756e') in 0.0082986 seconds
Number of updated asset objects reloaded before import = 0Number of asset objects unloaded after import = 1

========================================================================
Received Import Request.
  Time since last request: 0.000070 seconds.
  path: Assets/123_8(Difficult for algoritm).unity
  artifactKey: Guid(0b043638cbd36544dbd31c7b1a3c6cf4) Importer(2089858483,192608db42251d675da83286b1cce702)
Start importing Assets/123_8(Difficult for algoritm).unity using Guid(0b043638cbd36544dbd31c7b1a3c6cf4) Importer(2089858483,192608db42251d675da83286b1cce702) (ScriptedImporter) -> (artifact id: 'eddce9d9ce2a50041e3b8196ec1da7b6') in 0.0069956 seconds
Number of updated asset objects reloaded before import = 0Number of asset objects unloaded after import = 1

========================================================================
Received Import Request.
  Time since last request: 0.000036 seconds.
  path: Assets/123_27(simple_Triangulation).unity
  artifactKey: Guid(df2f553c554f6de42bebd6882376b332) Importer(2089858483,192608db42251d675da83286b1cce702)
Start importing Assets/123_27(simple_Triangulation).unity using Guid(df2f553c554f6de42bebd6882376b332) Importer(2089858483,192608db42251d675da83286b1cce702) (ScriptedImporter) -> (artifact id: 'e4779ac903ea866f535d69dab92b719e') in 0.0127407 seconds
Number of updated asset objects reloaded before import = 0Number of asset objects unloaded after import = 1

========================================================================
Received Import Request.
  Time since last request: 0.000016 seconds.
  path: Assets/123_36(PlaneFaces2).unity
  artifactKey: Guid(11fee4ca5a02d1f4a9dd7b772ce76656) Importer(2089858483,192608db42251d675da83286b1cce702)
Start importing Assets/123_36(PlaneFaces2).unity using Guid(11fee4ca5a02d1f4a9dd7b772ce76656) Importer(2089858483,192608db42251d675da83286b1cce702) (ScriptedImporter) -> (artifact id: '335c672af64d51beae139c6a478708ed') in 0.0097082 seconds
Number of updated asset objects reloaded before import = 0Number of asset objects unloaded after import = 1

========================================================================
Received Import Request.
  Time since last request: 0.000795 seconds.
  path: Assets/123_3.unity
  artifactKey: Guid(90d1c9799fb13aa48a5ec61cbfb1028e) Importer(2089858483,192608db42251d675da83286b1cce702)
Start importing Assets/123_3.unity using Guid(90d1c9799fb13aa48a5ec61cbfb1028e) Importer(2089858483,192608db42251d675da83286b1cce702) (ScriptedImporter) -> (artifact id: '77839977305daff1330168167441f8b0') in 0.0064623 seconds
Number of updated asset objects reloaded before import = 0Number of asset objects unloaded after import = 1

========================================================================
Received Import Request.
  Time since last request: 0.000019 seconds.
  path: Assets/123_38(PlaneFaces4).unity
  artifactKey: Guid(d755073fe7645554a9a308f4353e78c2) Importer(2089858483,192608db42251d675da83286b1cce702)
Start importing Assets/123_38(PlaneFaces4).unity using Guid(d755073fe7645554a9a308f4353e78c2) Importer(2089858483,192608db42251d675da83286b1cce702) (ScriptedImporter) -> (artifact id: '0b7779863cafb47255a17bcd8b651b72') in 0.0159294 seconds
Number of updated asset objects reloaded before import = 0Number of asset objects unloaded after import = 1

========================================================================
Received Import Request.
  Time since last request: 0.004230 seconds.
  path: Assets/123_12(VertexTri).unity
  artifactKey: Guid(958515c40b75deb42a4f4f87fe8f5508) Importer(2089858483,192608db42251d675da83286b1cce702)
Start importing Assets/123_12(VertexTri).unity using Guid(958515c40b75deb42a4f4f87fe8f5508) Importer(2089858483,192608db42251d675da83286b1cce702) (ScriptedImporter) -> (artifact id: 'cd338e350e6967e0e1e1cbfba618f9b3') in 0.0070946 seconds
Number of updated asset objects reloaded before import = 0Number of asset objects unloaded after import = 1

========================================================================
Received Import Request.
  Time since last request: 0.001537 seconds.
  path: Assets/123_63(StrongSphere_Error)Settings.lighting
  artifactKey: Guid(7030f5c2221f0904fafb3080f91a58dd) Importer(2089858483,192608db42251d675da83286b1cce702)
Start importing Assets/123_63(StrongSphere_Error)Settings.lighting using Guid(7030f5c2221f0904fafb3080f91a58dd) Importer(2089858483,192608db42251d675da83286b1cce702) (ScriptedImporter) -> (artifact id: '3c8040c4331144d622cc831f4887af6c') in 0.0162957 seconds
Number of updated asset objects reloaded before import = 0Number of asset objects unloaded after import = 1

========================================================================
Received Import Request.
  Time since last request: 0.000019 seconds.
  path: Assets/123_12(VertexTri)Settings.lighting
  artifactKey: Guid(a2a92588a30cdc94bb6a80d6eeecd677) Importer(2089858483,192608db42251d675da83286b1cce702)
Start importing Assets/123_12(VertexTri)Settings.lighting using Guid(a2a92588a30cdc94bb6a80d6eeecd677) Importer(2089858483,192608db42251d675da83286b1cce702) (ScriptedImporter) -> (artifact id: '0adb90d77440be2469146edcf37999a6') in 0.0264069 seconds
Number of updated asset objects reloaded before import = 0Number of asset objects unloaded after import = 1

========================================================================
Received Import Request.
  Time since last request: 0.001650 seconds.
  path: Assets/123_62(PlaneBugs_Triangulation).unity
  artifactKey: Guid(80917d546cc68ae4399b5172265898b1) Importer(2089858483,192608db42251d675da83286b1cce702)
Start importing Assets/123_62(PlaneBugs_Triangulation).unity using Guid(80917d546cc68ae4399b5172265898b1) Importer(2089858483,192608db42251d675da83286b1cce702) (ScriptedImporter) -> (artifact id: 'd380d946eff68fea0dd9411077843dcf') in 0.0072733 seconds
Number of updated asset objects reloaded before import = 0Number of asset objects unloaded after import = 1

========================================================================
Received Import Request.
  Time since last request: 0.000022 seconds.
  path: Assets/123_46(Plane_Bug)Settings.lighting
  artifactKey: Guid(c4ee80e779703134b8f40dcc04a59d00) Importer(2089858483,192608db42251d675da83286b1cce702)
Start importing Assets/123_46(Plane_Bug)Settings.lighting using Guid(c4ee80e779703134b8f40dcc04a59d00) Importer(2089858483,192608db42251d675da83286b1cce702) (ScriptedImporter) -> (artifact id: '50a98aee3f8317c44e433b4dc4cc7399') in 0.0156902 seconds
Number of updated asset objects reloaded before import = 0Number of asset objects unloaded after import = 1

========================================================================
Received Import Request.
  Time since last request: 0.000029 seconds.
  path: Assets/123_59(PlaneBugs_Borders).unity
  artifactKey: Guid(5836b5ff57f9bd34a95c40ecfb2f967f) Importer(2089858483,192608db42251d675da83286b1cce702)
Start importing Assets/123_59(PlaneBugs_Borders).unity using Guid(5836b5ff57f9bd34a95c40ecfb2f967f) Importer(2089858483,192608db42251d675da83286b1cce702) (ScriptedImporter) -> (artifact id: 'faf122bc285027e398f0fd69382ef373') in 0.0070865 seconds
Number of updated asset objects reloaded before import = 0Number of asset objects unloaded after import = 1

========================================================================
Received Import Request.
  Time since last request: 0.000019 seconds.
  path: Assets/123_46(Plane_ExactlyFaces)Settings.lighting
  artifactKey: Guid(3d690bea519dcee45a04d7ea3e8aec68) Importer(2089858483,192608db42251d675da83286b1cce702)
Start importing Assets/123_46(Plane_ExactlyFaces)Settings.lighting using Guid(3d690bea519dcee45a04d7ea3e8aec68) Importer(2089858483,192608db42251d675da83286b1cce702) (ScriptedImporter) -> (artifact id: 'add09f1fa5c1fbcec7c2f1b4c0623dce') in 0.0242771 seconds
Number of updated asset objects reloaded before import = 0Number of asset objects unloaded after import = 1

========================================================================
Received Import Request.
  Time since last request: 0.000350 seconds.
  path: Assets/123_24(simple_Hole)Settings.lighting
  artifactKey: Guid(0a65e1d9989852243932aab203a47ee7) Importer(2089858483,192608db42251d675da83286b1cce702)
Start importing Assets/123_24(simple_Hole)Settings.lighting using Guid(0a65e1d9989852243932aab203a47ee7) Importer(2089858483,192608db42251d675da83286b1cce702) (ScriptedImporter) -> (artifact id: 'c5d3cc03aa03794cb22652c643b2c2a0') in 0.0141393 seconds
Number of updated asset objects reloaded before import = 0Number of asset objects unloaded after import = 1

========================================================================
Received Import Request.
  Time since last request: 0.000019 seconds.
  path: Assets/123_43(AttachedPir)Settings.lighting
  artifactKey: Guid(fdf5823c08aea534abd2b9067dddf6c4) Importer(2089858483,192608db42251d675da83286b1cce702)
Start importing Assets/123_43(AttachedPir)Settings.lighting using Guid(fdf5823c08aea534abd2b9067dddf6c4) Importer(2089858483,192608db42251d675da83286b1cce702) (ScriptedImporter) -> (artifact id: '9529fb6d382b4cecf7d27cf450d7432a') in 0.0273227 seconds
Number of updated asset objects reloaded before import = 0Number of asset objects unloaded after import = 1

========================================================================
Received Import Request.
  Time since last request: 0.000585 seconds.
  path: Assets/123_31(TrianglHoleError).unity
  artifactKey: Guid(826a39d0401004a4f8d63449c8a9ab52) Importer(2089858483,192608db42251d675da83286b1cce702)
Start importing Assets/123_31(TrianglHoleError).unity using Guid(826a39d0401004a4f8d63449c8a9ab52) Importer(2089858483,192608db42251d675da83286b1cce702) (ScriptedImporter) -> (artifact id: '973dd4611ef38f73bc8953478ba0ac73') in 0.0075599 seconds
Number of updated asset objects reloaded before import = 0Number of asset objects unloaded after import = 1

========================================================================
Received Import Request.
  Time since last request: 0.001478 seconds.
  path: Assets/123_64(InveseCutting_Error)Settings.lighting
  artifactKey: Guid(fd0e915c3106e644fbfaeb53821171a9) Importer(2089858483,192608db42251d675da83286b1cce702)
Start importing Assets/123_64(InveseCutting_Error)Settings.lighting using Guid(fd0e915c3106e644fbfaeb53821171a9) Importer(2089858483,192608db42251d675da83286b1cce702) (ScriptedImporter) -> (artifact id: 'a0bdeedf3bc7688b5abdc261bebec493') in 0.0169359 seconds
Number of updated asset objects reloaded before import = 0Number of asset objects unloaded after import = 1

========================================================================
Received Import Request.
  Time since last request: 0.000064 seconds.
  path: Assets/123_63(StrongSphere_Error).unity
  artifactKey: Guid(144d9ba76e248a146b730cd40b3c45a5) Importer(2089858483,192608db42251d675da83286b1cce702)
Start importing Assets/123_63(StrongSphere_Error).unity using Guid(144d9ba76e248a146b730cd40b3c45a5) Importer(2089858483,192608db42251d675da83286b1cce702) (ScriptedImporter) -> (artifact id: '25dcb7215a699a6ef3a450b07b218565') in 0.0071814 seconds
Number of updated asset objects reloaded before import = 0Number of asset objects unloaded after import = 1

========================================================================
Received Import Request.
  Time since last request: 0.000020 seconds.
  path: Assets/123_68(Piramid+E).unity
  artifactKey: Guid(a5a99506bedd0d94b870abdc970d80a9) Importer(2089858483,192608db42251d675da83286b1cce702)
Start importing Assets/123_68(Piramid+E).unity using Guid(a5a99506bedd0d94b870abdc970d80a9) Importer(2089858483,192608db42251d675da83286b1cce702) (ScriptedImporter) -> (artifact id: '9f3285029da447f0c2ccf7e637b267a1') in 0.0076845 seconds
Number of updated asset objects reloaded before import = 0Number of asset objects unloaded after import = 1

========================================================================
Received Import Request.
  Time since last request: 0.000020 seconds.
  path: Assets/123_29(redundant_triangles).unity
  artifactKey: Guid(fdb134b2d3d8906478077c8f6b72d371) Importer(2089858483,192608db42251d675da83286b1cce702)
Start importing Assets/123_29(redundant_triangles).unity using Guid(fdb134b2d3d8906478077c8f6b72d371) Importer(2089858483,192608db42251d675da83286b1cce702) (ScriptedImporter) -> (artifact id: '50519e34bb32c5304676dec7950c25e0') in 0.0119622 seconds
Number of updated asset objects reloaded before import = 0Number of asset objects unloaded after import = 1

========================================================================
Received Import Request.
  Time since last request: 0.000022 seconds.
  path: Assets/123_43(AttachedPir).unity
  artifactKey: Guid(0737a7d12857c554ca3f6adcdef2ff56) Importer(2089858483,192608db42251d675da83286b1cce702)
Start importing Assets/123_43(AttachedPir).unity using Guid(0737a7d12857c554ca3f6adcdef2ff56) Importer(2089858483,192608db42251d675da83286b1cce702) (ScriptedImporter) -> (artifact id: '36261bd891d58811c8c85a0721847ad8') in 0.009453 seconds
Number of updated asset objects reloaded before import = 0Number of asset objects unloaded after import = 1

========================================================================
Received Import Request.
  Time since last request: 0.000141 seconds.
  path: Assets/123_10(BorderToBorder).unity
  artifactKey: Guid(a6d139cddfaeffd4db9eb2709f2b8b55) Importer(2089858483,192608db42251d675da83286b1cce702)
Start importing Assets/123_10(BorderToBorder).unity using Guid(a6d139cddfaeffd4db9eb2709f2b8b55) Importer(2089858483,192608db42251d675da83286b1cce702) (ScriptedImporter) -> (artifact id: '6ece776e70270ce43b08f9d0f3738253') in 0.0104505 seconds
Number of updated asset objects reloaded before import = 0Number of asset objects unloaded after import = 1

========================================================================
Received Import Request.
  Time since last request: 0.001033 seconds.
  path: Assets/123_57(PlaneBugs_Borders).unity
  artifactKey: Guid(38850be444c47884da1350afc685e9da) Importer(2089858483,192608db42251d675da83286b1cce702)
Start importing Assets/123_57(PlaneBugs_Borders).unity using Guid(38850be444c47884da1350afc685e9da) Importer(2089858483,192608db42251d675da83286b1cce702) (ScriptedImporter) -> (artifact id: 'ceca5c6cdce4ec5263838ab115f09ec1') in 0.0074845 seconds
Number of updated asset objects reloaded before import = 0Number of asset objects unloaded after import = 1

========================================================================
Received Import Request.
  Time since last request: 0.000019 seconds.
  path: Assets/Resources/Shape/SubmeshBox.FBX
  artifactKey: Guid(8b4d3be39d49d984e8d560bbf3ac95d3) Importer(2089858483,192608db42251d675da83286b1cce702)
Start importing Assets/Resources/Shape/SubmeshBox.FBX using Guid(8b4d3be39d49d984e8d560bbf3ac95d3) Importer(2089858483,192608db42251d675da83286b1cce702) (ScriptedImporter) -> (artifact id: 'fe0b9994fd75c3134e6cb472d16d0b9e') in 0.1467785 seconds
Number of updated asset objects reloaded before import = 0Number of asset objects unloaded after import = 10

========================================================================
Received Import Request.
  Time since last request: 0.000025 seconds.
  path: Assets/Resources/Shape/Dom_.obj
  artifactKey: Guid(cdb1e2a25673e6e4797afac957bea8d4) Importer(2089858483,192608db42251d675da83286b1cce702)
Start importing Assets/Resources/Shape/Dom_.obj using Guid(cdb1e2a25673e6e4797afac957bea8d4) Importer(2089858483,192608db42251d675da83286b1cce702) (ScriptedImporter) -> (artifact id: '3a86eec7b8af579fe8ad1cf550418ed4') in 0.0395182 seconds
Number of updated asset objects reloaded before import = 0Number of asset objects unloaded after import = 11

========================================================================
Received Import Request.
  Time since last request: 0.000031 seconds.
  path: Assets/Resources/Shape/Flower1.FBX
  artifactKey: Guid(ef18dc9330b2eea4ead833e93535ca47) Importer(2089858483,192608db42251d675da83286b1cce702)
Start importing Assets/Resources/Shape/Flower1.FBX using Guid(ef18dc9330b2eea4ead833e93535ca47) Importer(2089858483,192608db42251d675da83286b1cce702) (ScriptedImporter) -> (artifact id: 'bd05691966ee84471cd4cc3fb2ef448c') in 0.0443414 seconds
Number of updated asset objects reloaded before import = 0Number of asset objects unloaded after import = 9

========================================================================
Received Import Request.
  Time since last request: 0.000021 seconds.
  path: Assets/Resources/Shape/TwoHoleMaker.FBX
  artifactKey: Guid(55f2a3f895635294491d8a365296358c) Importer(2089858483,192608db42251d675da83286b1cce702)
Start importing Assets/Resources/Shape/TwoHoleMaker.FBX using Guid(55f2a3f895635294491d8a365296358c) Importer(2089858483,192608db42251d675da83286b1cce702) (ScriptedImporter) -> (artifact id: '02b521b2bf9a4c098e23f49618ba014d') in 0.038824 seconds
Number of updated asset objects reloaded before import = 0Number of asset objects unloaded after import = 7

========================================================================
Received Import Request.
  Time since last request: 0.000019 seconds.
  path: Assets/Resources/Shape/Materials/02 - Default.mat
  artifactKey: Guid(2cb250cf5e55d634b86a71fa91bbc434) Importer(2089858483,192608db42251d675da83286b1cce702)
Start importing Assets/Resources/Shape/Materials/02 - Default.mat using Guid(2cb250cf5e55d634b86a71fa91bbc434) Importer(2089858483,192608db42251d675da83286b1cce702) (ScriptedImporter) -> (artifact id: '546bc1ca1590fa42ac36d09725a1e4df') in 0.0173404 seconds
Number of updated asset objects reloaded before import = 0Number of asset objects unloaded after import = 1

========================================================================
Received Import Request.
  Time since last request: 0.000019 seconds.
  path: Assets/Resources/Shape/ДваЦилиндра.FBX
  artifactKey: Guid(eb180ebdadd0ca142bd227a16f9b4938) Importer(2089858483,192608db42251d675da83286b1cce702)
Start importing Assets/Resources/Shape/ДваЦилиндра.FBX using Guid(eb180ebdadd0ca142bd227a16f9b4938) Importer(2089858483,192608db42251d675da83286b1cce702) (ScriptedImporter) -> (artifact id: '61f16cf1459c6da8cff62fb076d3e382') in 0.0458807 seconds
Number of updated asset objects reloaded before import = 0Number of asset objects unloaded after import = 9

========================================================================
Received Import Request.
  Time since last request: 0.000020 seconds.
  path: Assets/Resources/Shader/LineGradient.shader
  artifactKey: Guid(366fd60eae837294890ea5a71a540527) Importer(2089858483,192608db42251d675da83286b1cce702)
Start importing Assets/Resources/Shader/LineGradient.shader using Guid(366fd60eae837294890ea5a71a540527) Importer(2089858483,192608db42251d675da83286b1cce702) (ScriptedImporter) -> (artifact id: '717133ea110009b13101f8b316115dd3') in 0.014135 seconds
Number of updated asset objects reloaded before import = 0Number of asset objects unloaded after import = 1

========================================================================
Received Import Request.
  Time since last request: 0.000020 seconds.
  path: Assets/Resources/Shader/test.cginc
  artifactKey: Guid(deb3322e486573d4286e49a8d11004e7) Importer(2089858483,192608db42251d675da83286b1cce702)
Start importing Assets/Resources/Shader/test.cginc using Guid(deb3322e486573d4286e49a8d11004e7) Importer(2089858483,192608db42251d675da83286b1cce702) (ScriptedImporter) -> (artifact id: 'e75629a7d16fc601c94655a99481bc63') in 0.0044965 seconds
Number of updated asset objects reloaded before import = 0Number of asset objects unloaded after import = 1

========================================================================
Received Import Request.
  Time since last request: 0.000044 seconds.
  path: Assets/Standard Assets/Toon Shading/Sources/Shaders/Toony-LightedOutline.shader
  artifactKey: Guid(054a31a99d11e49d110086ba44295342) Importer(2089858483,192608db42251d675da83286b1cce702)
Start importing Assets/Standard Assets/Toon Shading/Sources/Shaders/Toony-LightedOutline.shader using Guid(054a31a99d11e49d110086ba44295342) Importer(2089858483,192608db42251d675da83286b1cce702) (ScriptedImporter) -> (artifact id: '9635da6ff06f69368bded886a99971a0') in 0.0255531 seconds
Number of updated asset objects reloaded before import = 0Number of asset objects unloaded after import = 2

========================================================================
Received Import Request.
  Time since last request: 0.000020 seconds.
  path: Assets/Standard Assets/Toon Shading/Toony-BasicOutline.mat
  artifactKey: Guid(215977489d11178d11005b9844295342) Importer(2089858483,192608db42251d675da83286b1cce702)
Start importing Assets/Standard Assets/Toon Shading/Toony-BasicOutline.mat using Guid(215977489d11178d11005b9844295342) Importer(2089858483,192608db42251d675da83286b1cce702) (ScriptedImporter) -> (artifact id: '6b61164ebd80e9c5d38dcb477b66277c') in 0.0129078 seconds
Number of updated asset objects reloaded before import = 0Number of asset objects unloaded after import = 3

========================================================================
Received Import Request.
  Time since last request: 0.000023 seconds.
  path: Assets/Standard Assets/Toon Shading/Toony-Basic.mat
  artifactKey: Guid(84b9e1d19d11078d11005b9844295342) Importer(2089858483,192608db42251d675da83286b1cce702)
Start importing Assets/Standard Assets/Toon Shading/Toony-Basic.mat using Guid(84b9e1d19d11078d11005b9844295342) Importer(2089858483,192608db42251d675da83286b1cce702) (ScriptedImporter) -> (artifact id: 'be7cd8cc6fb404d3ff17ababfd10b5ad') in 0.0177744 seconds
Number of updated asset objects reloaded before import = 0Number of asset objects unloaded after import = 2

========================================================================
Received Import Request.
  Time since last request: 0.000035 seconds.
  path: Assets/Resources/Shape/Flower.FBX
  artifactKey: Guid(48b2389a6c1abed40beb3cfe630b4a25) Importer(2089858483,192608db42251d675da83286b1cce702)
Start importing Assets/Resources/Shape/Flower.FBX using Guid(48b2389a6c1abed40beb3cfe630b4a25) Importer(2089858483,192608db42251d675da83286b1cce702) (ScriptedImporter) -> (artifact id: 'c0f1e093f2e982e36531daa30f482abc') in 0.0445835 seconds
Number of updated asset objects reloaded before import = 0Number of asset objects unloaded after import = 9

========================================================================
Received Import Request.
  Time since last request: 0.000019 seconds.
  path: Assets/Resources/Shape/Materials/14 - Default.mat
  artifactKey: Guid(42effa40ba18c48409096a59c11db66e) Importer(2089858483,192608db42251d675da83286b1cce702)
Start importing Assets/Resources/Shape/Materials/14 - Default.mat using Guid(42effa40ba18c48409096a59c11db66e) Importer(2089858483,192608db42251d675da83286b1cce702) (ScriptedImporter) -> (artifact id: 'cc03fbb6180bf4d66254e3dbd29874aa') in 0.0089453 seconds
Number of updated asset objects reloaded before import = 0Number of asset objects unloaded after import = 1

========================================================================
Received Import Request.
  Time since last request: 0.000019 seconds.
  path: Assets/Standard Assets/Toon Shading/Sources/Shaders/Toony-BasicOutline.shader
  artifactKey: Guid(9ce107479d11178d11005b9844295342) Importer(2089858483,192608db42251d675da83286b1cce702)
Start importing Assets/Standard Assets/Toon Shading/Sources/Shaders/Toony-BasicOutline.shader using Guid(9ce107479d11178d11005b9844295342) Importer(2089858483,192608db42251d675da83286b1cce702) (ScriptedImporter) -> (artifact id: '131deeb4c58107f9fbb4da0f10864c2f') in 0.0098946 seconds
Number of updated asset objects reloaded before import = 0Number of asset objects unloaded after import = 1

========================================================================
Received Import Request.
  Time since last request: 0.000019 seconds.
  path: Assets/Resources/Shape/box.FBX
  artifactKey: Guid(fcd84908aaa93a940be5e649976c2d13) Importer(2089858483,192608db42251d675da83286b1cce702)
Start importing Assets/Resources/Shape/box.FBX using Guid(fcd84908aaa93a940be5e649976c2d13) Importer(2089858483,192608db42251d675da83286b1cce702) (ScriptedImporter) -> (artifact id: '2a842d189c5d2d9931e343f07d97d5e7') in 0.051391 seconds
Number of updated asset objects reloaded before import = 0Number of asset objects unloaded after import = 10

========================================================================
Received Import Request.
  Time since last request: 0.000019 seconds.
  path: Assets/Resources/Shader/UnlitColor_Lite.shader
  artifactKey: Guid(5576256de1c12c64fa817aae40de79db) Importer(2089858483,192608db42251d675da83286b1cce702)
Start importing Assets/Resources/Shader/UnlitColor_Lite.shader using Guid(5576256de1c12c64fa817aae40de79db) Importer(2089858483,192608db42251d675da83286b1cce702) (ScriptedImporter) -> (artifact id: 'e62195f6856ef7f422cc7d87998b2f01') in 0.0104036 seconds
Number of updated asset objects reloaded before import = 0Number of asset objects unloaded after import = 1

========================================================================
Received Import Request.
  Time since last request: 0.000772 seconds.
  path: Assets/SolidCutter2.cs
  artifactKey: Guid(b36841ba95585704ab6241de084c0ae5) Importer(2089858483,192608db42251d675da83286b1cce702)
Start importing Assets/SolidCutter2.cs using Guid(b36841ba95585704ab6241de084c0ae5) Importer(2089858483,192608db42251d675da83286b1cce702) (ScriptedImporter) -> (artifact id: '2505b8251835b57a701fbe02e729c41b') in 0.0074884 seconds
Number of updated asset objects reloaded before import = 0Number of asset objects unloaded after import = 0

========================================================================
Received Import Request.
  Time since last request: 0.000046 seconds.
  path: Assets/Resources/Shader/ClipShader.shader
  artifactKey: Guid(9ad0ba9330805be4583c17bf92346290) Importer(2089858483,192608db42251d675da83286b1cce702)
Start importing Assets/Resources/Shader/ClipShader.shader using Guid(9ad0ba9330805be4583c17bf92346290) Importer(2089858483,192608db42251d675da83286b1cce702) (ScriptedImporter) -> (artifact id: '2504c719fd6a9235596daf6da66355ab') in 0.0086384 seconds
Number of updated asset objects reloaded before import = 0Number of asset objects unloaded after import = 1

========================================================================
Received Import Request.
  Time since last request: 0.000020 seconds.
  path: Assets/Resources/Shape/Triangle.FBX
  artifactKey: Guid(e76ba7c1e1609d342b2e8013b083d6d1) Importer(2089858483,192608db42251d675da83286b1cce702)
Start importing Assets/Resources/Shape/Triangle.FBX using Guid(e76ba7c1e1609d342b2e8013b083d6d1) Importer(2089858483,192608db42251d675da83286b1cce702) (ScriptedImporter) -> (artifact id: 'a3203abcf3394047bc9272e337746856') in 0.0599506 seconds
Number of updated asset objects reloaded before import = 0Number of asset objects unloaded after import = 9

========================================================================
Received Import Request.
  Time since last request: 0.000020 seconds.
  path: Assets/PntsAttributes.cs
  artifactKey: Guid(6a4bf6545b3e081499a23f04262b1490) Importer(2089858483,192608db42251d675da83286b1cce702)
Start importing Assets/PntsAttributes.cs using Guid(6a4bf6545b3e081499a23f04262b1490) Importer(2089858483,192608db42251d675da83286b1cce702) (ScriptedImporter) -> (artifact id: '034e4fa85c8d9ba1241c82220ee555a6') in 0.009782 seconds
Number of updated asset objects reloaded before import = 0Number of asset objects unloaded after import = 0

========================================================================
Received Import Request.
  Time since last request: 0.000054 seconds.
  path: Assets/New Font.fontsettings
  artifactKey: Guid(cd1864348c2b7ed4091dbd1c121b3199) Importer(2089858483,192608db42251d675da83286b1cce702)
Start importing Assets/New Font.fontsettings using Guid(cd1864348c2b7ed4091dbd1c121b3199) Importer(2089858483,192608db42251d675da83286b1cce702) (ScriptedImporter) -> (artifact id: '5a7cf70aa833d4d1fdc2a3f09908de43') in 0.011496 seconds
Number of updated asset objects reloaded before import = 0Number of asset objects unloaded after import = 1

========================================================================
Received Import Request.
  Time since last request: 0.001576 seconds.
  path: Assets/Texture/side1.jpg
  artifactKey: Guid(e8ec8eedb18660b4194e5cdfecd3d558) Importer(2089858483,192608db42251d675da83286b1cce702)
Start importing Assets/Texture/side1.jpg using Guid(e8ec8eedb18660b4194e5cdfecd3d558) Importer(2089858483,192608db42251d675da83286b1cce702) (ScriptedImporter) -> (artifact id: '9617c2a86ea7bc28d4989d553ab3a629') in 0.1130272 seconds
Number of updated asset objects reloaded before import = 0Number of asset objects unloaded after import = 1

========================================================================
Received Import Request.
  Time since last request: 0.000053 seconds.
  path: Assets/Resources/Shape/TorusKnot.FBX
  artifactKey: Guid(82075f59046133c4db746c7f1569a4e3) Importer(2089858483,192608db42251d675da83286b1cce702)
Start importing Assets/Resources/Shape/TorusKnot.FBX using Guid(82075f59046133c4db746c7f1569a4e3) Importer(2089858483,192608db42251d675da83286b1cce702) (ScriptedImporter) -> (artifact id: '083623f3a0e76b3409fec0013ee28c45') in 0.0417915 seconds
Number of updated asset objects reloaded before import = 0Number of asset objects unloaded after import = 9

========================================================================
Received Import Request.
  Time since last request: 0.000019 seconds.
  path: Assets/Main.cs
  artifactKey: Guid(66ca5162ad4734941a98030d1eb46b27) Importer(2089858483,192608db42251d675da83286b1cce702)
Start importing Assets/Main.cs using Guid(66ca5162ad4734941a98030d1eb46b27) Importer(2089858483,192608db42251d675da83286b1cce702) (ScriptedImporter) -> (artifact id: '3c2e1ad4ab96f047929c07fecbbdb584') in 0.0067377 seconds
Number of updated asset objects reloaded before import = 0Number of asset objects unloaded after import = 0

========================================================================
Received Import Request.
  Time since last request: 0.000056 seconds.
  path: Assets/Resources/Shape/Materials/___________3_024Mat.mat
  artifactKey: Guid(3ff9b90f0753dc94e99f03d8d033e012) Importer(2089858483,192608db42251d675da83286b1cce702)
Start importing Assets/Resources/Shape/Materials/___________3_024Mat.mat using Guid(3ff9b90f0753dc94e99f03d8d033e012) Importer(2089858483,192608db42251d675da83286b1cce702) (ScriptedImporter) -> (artifact id: '789d62e248e1f8aa51bb984ae966f95a') in 0.0073583 seconds
Number of updated asset objects reloaded before import = 0Number of asset objects unloaded after import = 1

========================================================================
Received Import Request.
  Time since last request: 0.000432 seconds.
  path: Assets/ActionLines.cs
  artifactKey: Guid(db6c461016828464bb504ebd6aa333f3) Importer(2089858483,192608db42251d675da83286b1cce702)
Start importing Assets/ActionLines.cs using Guid(db6c461016828464bb504ebd6aa333f3) Importer(2089858483,192608db42251d675da83286b1cce702) (ScriptedImporter) -> (artifact id: 'd72f81549bb2d32eadee89d1bec3c6e3') in 0.0059342 seconds
Number of updated asset objects reloaded before import = 0Number of asset objects unloaded after import = 0

========================================================================
Received Import Request.
  Time since last request: 0.000089 seconds.
  path: Assets/Resources/Shape/Materials/09 - Default.mat
  artifactKey: Guid(787f6c7070033cd48b834a06e07c0163) Importer(2089858483,192608db42251d675da83286b1cce702)
Start importing Assets/Resources/Shape/Materials/09 - Default.mat using Guid(787f6c7070033cd48b834a06e07c0163) Importer(2089858483,192608db42251d675da83286b1cce702) (ScriptedImporter) -> (artifact id: '23912c9c9b2e7645771e586c14bfcaee') in 0.0587866 seconds
Number of updated asset objects reloaded before import = 0Number of asset objects unloaded after import = 2

========================================================================
Received Import Request.
  Time since last request: 0.000024 seconds.
  path: Assets/Standard Assets/Toon Shading/Sources/Shaders/Toony-Basic.shader
  artifactKey: Guid(d84268709d11078d11005b9844295342) Importer(2089858483,192608db42251d675da83286b1cce702)
Start importing Assets/Standard Assets/Toon Shading/Sources/Shaders/Toony-Basic.shader using Guid(d84268709d11078d11005b9844295342) Importer(2089858483,192608db42251d675da83286b1cce702) (ScriptedImporter) -> (artifact id: 'b704f7f0c6b950ebd0eaf8637e50da7f') in 0.0071416 seconds
Number of updated asset objects reloaded before import = 0Number of asset objects unloaded after import = 1

========================================================================
Received Import Request.
  Time since last request: 0.000034 seconds.
  path: Assets/Resources/Shape/Tube.FBX
  artifactKey: Guid(1f0e8d4e4018a0c47848c9e401f62ce5) Importer(2089858483,192608db42251d675da83286b1cce702)
Start importing Assets/Resources/Shape/Tube.FBX using Guid(1f0e8d4e4018a0c47848c9e401f62ce5) Importer(2089858483,192608db42251d675da83286b1cce702) (ScriptedImporter) -> (artifact id: '8d234ae231b803c7d34b5e1cbc7eaf29') in 0.0605437 seconds
Number of updated asset objects reloaded before import = 0Number of asset objects unloaded after import = 9

========================================================================
Received Import Request.
  Time since last request: 0.000021 seconds.
  path: Assets/123_45(Bug).unity
  artifactKey: Guid(8291b6704e665924cbcfe53dd50880b9) Importer(2089858483,192608db42251d675da83286b1cce702)
Start importing Assets/123_45(Bug).unity using Guid(8291b6704e665924cbcfe53dd50880b9) Importer(2089858483,192608db42251d675da83286b1cce702) (ScriptedImporter) -> (artifact id: '707bff9569ece5fbfeaac481c78f52e6') in 0.0079341 seconds
Number of updated asset objects reloaded before import = 0Number of asset objects unloaded after import = 1

========================================================================
Received Import Request.
  Time since last request: 0.000020 seconds.
  path: Assets/Resources/Shape/ConcentricHoledCuB_2_0.FBX
  artifactKey: Guid(70f7d3320030e4a4e820867f495ec9cf) Importer(2089858483,192608db42251d675da83286b1cce702)
Start importing Assets/Resources/Shape/ConcentricHoledCuB_2_0.FBX using Guid(70f7d3320030e4a4e820867f495ec9cf) Importer(2089858483,192608db42251d675da83286b1cce702) (ScriptedImporter) -> (artifact id: '896a1b4ef2a16b20d1dbacea53a86b93') in 0.0464265 seconds
Number of updated asset objects reloaded before import = 0Number of asset objects unloaded after import = 7

========================================================================
Received Import Request.
  Time since last request: 0.000019 seconds.
  path: Assets/123_62(PlaneBugs_Triangulation)Settings.lighting
  artifactKey: Guid(98df2778b0d83b1448d0f1ae233d2b02) Importer(2089858483,192608db42251d675da83286b1cce702)
Start importing Assets/123_62(PlaneBugs_Triangulation)Settings.lighting using Guid(98df2778b0d83b1448d0f1ae233d2b02) Importer(2089858483,192608db42251d675da83286b1cce702) (ScriptedImporter) -> (artifact id: '0deb9e0e6bac252eeef64a8081daa68f') in 0.0237634 seconds
Number of updated asset objects reloaded before import = 0Number of asset objects unloaded after import = 1

========================================================================
Received Import Request.
  Time since last request: 0.000021 seconds.
  path: Assets/123_2.unity
  artifactKey: Guid(9b2faaf9e5a8acc458328c3682eae6c9) Importer(2089858483,192608db42251d675da83286b1cce702)
Start importing Assets/123_2.unity using Guid(9b2faaf9e5a8acc458328c3682eae6c9) Importer(2089858483,192608db42251d675da83286b1cce702) (ScriptedImporter) -> (artifact id: '629a448f6fc0c18a0b1d717f36973ef7') in 0.007128 seconds
Number of updated asset objects reloaded before import = 0Number of asset objects unloaded after import = 1

========================================================================
Received Import Request.
  Time since last request: 0.000735 seconds.
  path: Assets/123_6(ErrorInTriagulate).unity
  artifactKey: Guid(2180649068061564bb1c9b054a9345ca) Importer(2089858483,192608db42251d675da83286b1cce702)
Start importing Assets/123_6(ErrorInTriagulate).unity using Guid(2180649068061564bb1c9b054a9345ca) Importer(2089858483,192608db42251d675da83286b1cce702) (ScriptedImporter) -> (artifact id: '88c328f58d689e04b85c659aaabf841c') in 0.0073857 seconds
Number of updated asset objects reloaded before import = 0Number of asset objects unloaded after import = 1

========================================================================
Received Import Request.
  Time since last request: 0.000020 seconds.
  path: Assets/123_71(Plane+Concentric2Box_2_0)Settings.lighting
  artifactKey: Guid(521823ec4ec5f3740870bf40da415466) Importer(2089858483,192608db42251d675da83286b1cce702)
Start importing Assets/123_71(Plane+Concentric2Box_2_0)Settings.lighting using Guid(521823ec4ec5f3740870bf40da415466) Importer(2089858483,192608db42251d675da83286b1cce702) (ScriptedImporter) -> (artifact id: '9744a7185cea39039f95bb609672a80e') in 0.0174171 seconds
Number of updated asset objects reloaded before import = 0Number of asset objects unloaded after import = 1

========================================================================
Received Import Request.
  Time since last request: 0.000020 seconds.
  path: Assets/123_14(AttachetedCilinders)Settings.lighting
  artifactKey: Guid(eabec15b20208c54f9d559ef5f911882) Importer(2089858483,192608db42251d675da83286b1cce702)
Start importing Assets/123_14(AttachetedCilinders)Settings.lighting using Guid(eabec15b20208c54f9d559ef5f911882) Importer(2089858483,192608db42251d675da83286b1cce702) (ScriptedImporter) -> (artifact id: '868f5f3a90b3567396c17183cbc5ff1f') in 0.0158397 seconds
Number of updated asset objects reloaded before import = 0Number of asset objects unloaded after import = 1

========================================================================
Received Import Request.
  Time since last request: 0.000032 seconds.
  path: Assets/123_32(BadOptimization).unity
  artifactKey: Guid(f5658e033533c9640bc2921341878b91) Importer(2089858483,192608db42251d675da83286b1cce702)
Start importing Assets/123_32(BadOptimization).unity using Guid(f5658e033533c9640bc2921341878b91) Importer(2089858483,192608db42251d675da83286b1cce702) (ScriptedImporter) -> (artifact id: 'd598306c63e8719cddc002dcfec14df2') in 0.0136703 seconds
Number of updated asset objects reloaded before import = 0Number of asset objects unloaded after import = 1

========================================================================
Received Import Request.
  Time since last request: 0.000019 seconds.
  path: Assets/123_55(PlaneBugs_Borders)Settings.lighting
  artifactKey: Guid(ed3190ebac1c23b4ab9e96d6762ccde3) Importer(2089858483,192608db42251d675da83286b1cce702)
Start importing Assets/123_55(PlaneBugs_Borders)Settings.lighting using Guid(ed3190ebac1c23b4ab9e96d6762ccde3) Importer(2089858483,192608db42251d675da83286b1cce702) (ScriptedImporter) -> (artifact id: '9fb19e49f6b4b3d4d687065eed8b3f3c') in 0.016863 seconds
Number of updated asset objects reloaded before import = 0Number of asset objects unloaded after import = 1

========================================================================
Received Import Request.
  Time since last request: 0.000025 seconds.
  path: Assets/123_15(ControlAttachedInOnePnt)Settings.lighting
  artifactKey: Guid(873fa0d6c718ad94ebf67da6a1c634f9) Importer(2089858483,192608db42251d675da83286b1cce702)
Start importing Assets/123_15(ControlAttachedInOnePnt)Settings.lighting using Guid(873fa0d6c718ad94ebf67da6a1c634f9) Importer(2089858483,192608db42251d675da83286b1cce702) (ScriptedImporter) -> (artifact id: 'c14b3ac4dd408791a0806e7ae4b9fdc0') in 0.0159794 seconds
Number of updated asset objects reloaded before import = 0Number of asset objects unloaded after import = 1

========================================================================
Received Import Request.
  Time since last request: 0.000039 seconds.
  path: Assets/123_4.unity
  artifactKey: Guid(8d01e0c3ff0259747b37dd87fb01dad2) Importer(2089858483,192608db42251d675da83286b1cce702)
Start importing Assets/123_4.unity using Guid(8d01e0c3ff0259747b37dd87fb01dad2) Importer(2089858483,192608db42251d675da83286b1cce702) (ScriptedImporter) -> (artifact id: 'bcec2125fb358d8af06a255165e8f227') in 0.0077373 seconds
Number of updated asset objects reloaded before import = 0Number of asset objects unloaded after import = 1

========================================================================
Received Import Request.
  Time since last request: 0.000018 seconds.
  path: Assets/123_33(ShaderClip).unity
  artifactKey: Guid(c1efcb805de51444b8b837c75ef47919) Importer(2089858483,192608db42251d675da83286b1cce702)
Start importing Assets/123_33(ShaderClip).unity using Guid(c1efcb805de51444b8b837c75ef47919) Importer(2089858483,192608db42251d675da83286b1cce702) (ScriptedImporter) -> (artifact id: '7a2acbab7dd90e65516723150c7ab4a8') in 0.0057793 seconds
Number of updated asset objects reloaded before import = 0Number of asset objects unloaded after import = 1

========================================================================
Received Import Request.
  Time since last request: 0.000018 seconds.
  path: Assets/123_26(simple_2Holes)Settings.lighting
  artifactKey: Guid(65474645353c59e46999cfa9ac71d7ba) Importer(2089858483,192608db42251d675da83286b1cce702)
Start importing Assets/123_26(simple_2Holes)Settings.lighting using Guid(65474645353c59e46999cfa9ac71d7ba) Importer(2089858483,192608db42251d675da83286b1cce702) (ScriptedImporter) -> (artifact id: 'a16fd20032885c87ba748d8e52940f80') in 0.0154824 seconds
Number of updated asset objects reloaded before import = 0Number of asset objects unloaded after import = 1

========================================================================
Received Import Request.
  Time since last request: 0.000019 seconds.
  path: Assets/123_15(ControlAttachedInOnePnt).unity
  artifactKey: Guid(20d4fabc44bea0542a8c9bbd1d8301d4) Importer(2089858483,192608db42251d675da83286b1cce702)
Start importing Assets/123_15(ControlAttachedInOnePnt).unity using Guid(20d4fabc44bea0542a8c9bbd1d8301d4) Importer(2089858483,192608db42251d675da83286b1cce702) (ScriptedImporter) -> (artifact id: '512b3bec64c741b6c6582bd98481ec26') in 0.0103633 seconds
Number of updated asset objects reloaded before import = 0Number of asset objects unloaded after import = 1

Editor requested this worker to shutdown with reason: Scaling down because of idle timeout
AssetImportWorker is now disconnected from the server
Process exiting
Exiting without the bug reporter. Application will terminate with return code 0